C:\Program Files (x86)\Microsoft Visual Studio\2019\Community\MSBuild\Microsoft\VC\v160\Microsoft.CppBuild.targets(452,5): warning MSB8028: The intermediate directory (Debug\) contains files shared from another project (Boids.vcxproj, Swarm.vcxproj).  This can lead to incorrect clean and rebuild behavior.
  Boid.cpp
C:\Oisin\Projects\Flock\Boids\Boid.h(44,42): warning C4244: 'argument': conversion from 'int' to 'float', possible loss of data
C:\Oisin\Projects\Flock\Boids\Boid.h(44,30): warning C4244: 'argument': conversion from 'int' to 'float', possible loss of data
C:\Oisin\Projects\Flock\Boids\Boid.h(55,43): warning C4244: 'argument': conversion from 'int' to 'float', possible loss of data
C:\Oisin\Projects\Flock\Boids\Boid.h(55,31): warning C4244: 'argument': conversion from 'int' to 'float', possible loss of data
C:\Oisin\Projects\Flock\Boids\Boid.h(59,43): warning C4244: 'argument': conversion from 'int' to 'float', possible loss of data
C:\Oisin\Projects\Flock\Boids\Boid.h(59,31): warning C4244: 'argument': conversion from 'int' to 'float', possible loss of data
C:\Oisin\Projects\Flock\Boids\Boid.cpp(46,20): warning C4018: '<': signed/unsigned mismatch
C:\Oisin\Projects\Flock\Boids\Boid.cpp(112,20): warning C4018: '<': signed/unsigned mismatch
C:\Oisin\Projects\Flock\Boids\Boid.cpp(151,20): warning C4018: '<': signed/unsigned mismatch
C:\Oisin\Projects\Flock\Boids\Boid.cpp(162,17): warning C4244: 'argument': conversion from 'int' to 'float', possible loss of data
C:\Oisin\Projects\Flock\Boids\Boid.cpp(190,27): warning C4305: 'argument': truncation from 'double' to 'float'
  Flock.cpp
C:\Oisin\Projects\Flock\Boids\Boid.cpp(230,35): warning C4244: '=': conversion from 'const int' to 'float', possible loss of data
C:\Oisin\Projects\Flock\Boids\Boid.h(44,42): warning C4244: 'argument': conversion from 'int' to 'float', possible loss of data
C:\Oisin\Projects\Flock\Boids\Boid.h(44,30): warning C4244: 'argument': conversion from 'int' to 'float', possible loss of data
C:\Oisin\Projects\Flock\Boids\Boid.h(55,43): warning C4244: 'argument': conversion from 'int' to 'float', possible loss of data
C:\Oisin\Projects\Flock\Boids\Boid.h(55,31): warning C4244: 'argument': conversion from 'int' to 'float', possible loss of data
C:\Oisin\Projects\Flock\Boids\Boid.h(59,43): warning C4244: 'argument': conversion from 'int' to 'float', possible loss of data
C:\Oisin\Projects\Flock\Boids\Boid.h(59,31): warning C4244: 'argument': conversion from 'int' to 'float', possible loss of data
C:\Oisin\Projects\Flock\Boids\Flock.cpp(29,20): warning C4018: '<': signed/unsigned mismatch
  Game.cpp
C:\Oisin\Projects\Flock\Boids\Flock.cpp(38,20): warning C4018: '<': signed/unsigned mismatch
C:\Oisin\Projects\Flock\Boids\Boid.h(44,42): warning C4244: 'argument': conversion from 'int' to 'float', possible loss of data
C:\Oisin\Projects\Flock\Boids\Boid.h(44,30): warning C4244: 'argument': conversion from 'int' to 'float', possible loss of data
C:\Oisin\Projects\Flock\Boids\Boid.h(55,43): warning C4244: 'argument': conversion from 'int' to 'float', possible loss of data
C:\Oisin\Projects\Flock\Boids\Boid.h(55,31): warning C4244: 'argument': conversion from 'int' to 'float', possible loss of data
C:\Oisin\Projects\Flock\Boids\Boid.h(59,43): warning C4244: 'argument': conversion from 'int' to 'float', possible loss of data
C:\Oisin\Projects\Flock\Boids\Boid.h(59,31): warning C4244: 'argument': conversion from 'int' to 'float', possible loss of data
C:\Oisin\Projects\Flock\Boids\Game.cpp(40,42): warning C4244: 'argument': conversion from 'int' to 'float', possible loss of data
C:\Oisin\Projects\Flock\Boids\Game.cpp(40,23): warning C4244: 'argument': conversion from 'int' to 'float', possible loss of data
C:\Oisin\Projects\Flock\Boids\Game.cpp(45,35): warning C4244: 'argument': conversion from 'int' to 'float', possible loss of data
C:\Oisin\Projects\Flock\Boids\Game.cpp(45,21): warning C4244: 'argument': conversion from 'int' to 'float', possible loss of data
C:\Oisin\Projects\Flock\Boids\Game.cpp(148,36): warning C4244: 'argument': conversion from 'T' to 'float', possible loss of data
C:\Oisin\Projects\Flock\Boids\Game.cpp(148,36): warning C4244:         with
C:\Oisin\Projects\Flock\Boids\Game.cpp(148,36): warning C4244:         [
C:\Oisin\Projects\Flock\Boids\Game.cpp(148,36): warning C4244:             T=int
C:\Oisin\Projects\Flock\Boids\Game.cpp(148,36): warning C4244:         ]
C:\Oisin\Projects\Flock\Boids\Game.cpp(148,21): warning C4244: 'argument': conversion from 'T' to 'float', possible loss of data
C:\Oisin\Projects\Flock\Boids\Game.cpp(148,21): warning C4244:         with
C:\Oisin\Projects\Flock\Boids\Game.cpp(148,21): warning C4244:         [
C:\Oisin\Projects\Flock\Boids\Game.cpp(148,21): warning C4244:             T=int
C:\Oisin\Projects\Flock\Boids\Game.cpp(148,21): warning C4244:         ]
C:\Oisin\Projects\Flock\Boids\Game.cpp(152,47): warning C4244: 'argument': conversion from 'T' to 'float', possible loss of data
C:\Oisin\Projects\Flock\Boids\Game.cpp(152,47): warning C4244:         with
C:\Oisin\Projects\Flock\Boids\Game.cpp(152,47): warning C4244:         [
C:\Oisin\Projects\Flock\Boids\Game.cpp(152,47): warning C4244:             T=int
C:\Oisin\Projects\Flock\Boids\Game.cpp(152,47): warning C4244:         ]
C:\Oisin\Projects\Flock\Boids\Game.cpp(152,32): warning C4244: 'argument': conversion from 'T' to 'float', possible loss of data
C:\Oisin\Projects\Flock\Boids\Game.cpp(152,32): warning C4244:         with
C:\Oisin\Projects\Flock\Boids\Game.cpp(152,32): warning C4244:         [
C:\Oisin\Projects\Flock\Boids\Game.cpp(152,32): warning C4244:             T=int
C:\Oisin\Projects\Flock\Boids\Game.cpp(152,32): warning C4244:         ]
  Pvector.cpp
C:\Oisin\Projects\Flock\Boids\Game.cpp(177,20): warning C4018: '<': signed/unsigned mismatch
C:\Oisin\Projects\Flock\Boids\Pvector.cpp(88,19): warning C4244: 'argument': conversion from 'double' to 'float', possible loss of data
C:\Oisin\Projects\Flock\Boids\Pvector.cpp(88,9): warning C4244: 'argument': conversion from 'double' to 'float', possible loss of data
C:\Oisin\Projects\Flock\Boids\Pvector.cpp(135,12): warning C4305: 'return': truncation from 'double' to 'float'
  main.cpp
C:\Oisin\Projects\Flock\Boids\Pvector.cpp(140,12): warning C4244: 'initializing': conversion from 'double' to 'float', possible loss of data
C:\Oisin\Projects\Flock\Boids\Boid.h(44,42): warning C4244: 'argument': conversion from 'int' to 'float', possible loss of data
C:\Oisin\Projects\Flock\Boids\Boid.h(44,30): warning C4244: 'argument': conversion from 'int' to 'float', possible loss of data
C:\Oisin\Projects\Flock\Boids\Boid.h(55,43): warning C4244: 'argument': conversion from 'int' to 'float', possible loss of data
C:\Oisin\Projects\Flock\Boids\Boid.h(55,31): warning C4244: 'argument': conversion from 'int' to 'float', possible loss of data
C:\Oisin\Projects\Flock\Boids\Boid.h(59,43): warning C4244: 'argument': conversion from 'int' to 'float', possible loss of data
C:\Oisin\Projects\Flock\Boids\Boid.h(59,31): warning C4244: 'argument': conversion from 'int' to 'float', possible loss of data
  Generating Code...
C:\Oisin\Projects\Flock\Boids\main.cpp(37,22): warning C4244: 'argument': conversion from 'time_t' to 'unsigned int', possible loss of data
  Boids.vcxproj -> C:\Oisin\Projects\Flock\Debug\Flock.exe
